<?xml version="1.0" encoding="UTF-8"?>
<!-- Generated by org.testng.reporters.JUnitXMLReporter -->
<testsuite ignored="0" hostname="Satya" failures="0" tests="3" name="HomePage Test" time="37.607" errors="0" timestamp="2024-03-08T15:50:23 IST">
  <testcase classname="Satya.FrameworkDesign.HomePageTest" name="flightSearch" time="20.488"/>
  <testcase classname="Satya.FrameworkDesign.HomePageTest" name="HotelSearch" time="2.012"/>
  <testcase classname="Satya.FrameworkDesign.HomePageTest" name="selectTrip" time="4.4"/>
</testsuite> <!-- HomePage Test -->
